0 info it worked if it ends with ok
1 verbose cli [ '/data/data/com.termux/files/usr/bin/node',
1 verbose cli   '/data/data/com.termux/files/usr/bin/npm',
1 verbose cli   'start' ]
2 info using npm@3.10.10
3 info using node@v6.11.3
4 verbose run-script [ 'prestart', 'start', 'poststart' ]
5 info lifecycle p5project@1.0.0-alpha.1~prestart: p5project@1.0.0-alpha.1
6 silly lifecycle p5project@1.0.0-alpha.1~prestart: no script for prestart, continuing
7 info lifecycle p5project@1.0.0-alpha.1~start: p5project@1.0.0-alpha.1
8 verbose lifecycle p5project@1.0.0-alpha.1~start: unsafe-perm in lifecycle true
9 verbose lifecycle p5project@1.0.0-alpha.1~start: PATH: /data/data/com.termux/files/usr/lib/node_modules/npm/bin/node-gyp-bin:/data/data/com.termux/files/home/fractal/node_modules/.bin:/data/data/com.termux/files/usr/bin:/data/data/com.termux/files/usr/bin/applets
10 verbose lifecycle p5project@1.0.0-alpha.1~start: CWD: /data/data/com.termux/files/home/fractal
11 silly lifecycle p5project@1.0.0-alpha.1~start: Args: [ '-c', 'lr-http-server -p 4000 -w *.js,*.css,*.html' ]
12 silly lifecycle p5project@1.0.0-alpha.1~start: Returned: code: 1  signal: null
13 info lifecycle p5project@1.0.0-alpha.1~start: Failed to exec start script
14 verbose stack Error: p5project@1.0.0-alpha.1 start: `lr-http-server -p 4000 -w *.js,*.css,*.html`
14 verbose stack Exit status 1
14 verbose stack     at EventEmitter.<anonymous> (/data/data/com.termux/files/usr/lib/node_modules/npm/lib/utils/lifecycle.js:255:16)
14 verbose stack     at emitTwo (events.js:106:13)
14 verbose stack     at EventEmitter.emit (events.js:191:7)
14 verbose stack     at ChildProcess.<anonymous> (/data/data/com.termux/files/usr/lib/node_modules/npm/lib/utils/spawn.js:40:14)
14 verbose stack     at emitTwo (events.js:106:13)
14 verbose stack     at ChildProcess.emit (events.js:191:7)
14 verbose stack     at maybeClose (internal/child_process.js:920:16)
14 verbose stack     at Process.ChildProcess._handle.onexit (internal/child_process.js:230:5)
15 verbose pkgid p5project@1.0.0-alpha.1
16 verbose cwd /data/data/com.termux/files/home/fractal
17 error Linux 3.18.31-perf-ge702831
18 error argv "/data/data/com.termux/files/usr/bin/node" "/data/data/com.termux/files/usr/bin/npm" "start"
19 error node v6.11.3
20 error npm  v3.10.10
21 error code ELIFECYCLE
22 error p5project@1.0.0-alpha.1 start: `lr-http-server -p 4000 -w *.js,*.css,*.html`
22 error Exit status 1
23 error Failed at the p5project@1.0.0-alpha.1 start script 'lr-http-server -p 4000 -w *.js,*.css,*.html'.
23 error Make sure you have the latest version of node.js and npm installed.
23 error If you do, this is most likely a problem with the p5project package,
23 error not with npm itself.
23 error Tell the author that this fails on your system:
23 error     lr-http-server -p 4000 -w *.js,*.css,*.html
23 error You can get information on how to open an issue for this project with:
23 error     npm bugs p5project
23 error Or if that isn't available, you can get their info via:
23 error     npm owner ls p5project
23 error There is likely additional logging output above.
24 verbose exit [ 1, true ]
